<?xml version="1.0" encoding="UTF-8"?>
<!-- Generated by org.testng.reporters.JUnitReportReporter -->
<testsuite skipped="0" hostname="EmmatekiMacBook-Air.local" name="test.TestNGPractice" tests="1" failures="0" timestamp="08 四月 2018 07:09:16 GMT" time="0.024" errors="0">
  <testcase name="testEmailGenerator" time="0.024" classname="test.TestNGPractice"/>
</testsuite> <!-- test.TestNGPractice -->
